2020-10-15 12:01:53,695 INFO  com.liveguru.users.Level_12_Apply_Log_Report_HTML - Data_Table - Step 01: Input to all fiels on table column
2020-10-15 12:01:54,008 INFO  com.liveguru.users.Level_12_Apply_Log_Report_HTML - Data_Table - Step 02: Click button search data
2020-10-15 12:01:54,251 INFO  com.liveguru.users.Level_12_Apply_Log_Report_HTML - Data_Table - Step 03: Verify data after search
2020-10-15 12:13:13,411 INFO  com.liveguru.users.Level_12_Apply_Log_Report_HTML - Data_Table - Step 01: Input to all fiels on table column
2020-10-15 12:13:13,726 INFO  com.liveguru.users.Level_12_Apply_Log_Report_HTML - Data_Table - Step 02: Click button search data
2020-10-15 12:13:13,968 INFO  com.liveguru.users.Level_12_Apply_Log_Report_HTML - Data_Table - Step 03: Verify data after search
2020-10-15 12:13:56,522 INFO  com.liveguru.users.Level_12_Apply_Log_Report_HTML - Data_Table - Step 01: Input to all fiels on table column
2020-10-15 12:13:56,804 INFO  com.liveguru.users.Level_12_Apply_Log_Report_HTML - Data_Table - Step 02: Click button search data
2020-10-15 12:13:57,044 INFO  com.liveguru.users.Level_12_Apply_Log_Report_HTML - Data_Table - Step 03: Verify data after search
2020-10-15 13:36:47,889 INFO  com.liveguru.users.Level_12_Apply_Log_Report_HTML - Data_Table - Step 01: Input to all fiels on table column
2020-10-15 13:36:48,205 INFO  com.liveguru.users.Level_12_Apply_Log_Report_HTML - Data_Table - Step 02: Click button search data
2020-10-15 13:36:48,452 INFO  com.liveguru.users.Level_12_Apply_Log_Report_HTML - Data_Table - Step 03: Verify data after search
2020-10-15 13:40:00,085 INFO  com.liveguru.users.Level_12_Apply_Log_Report_HTML - Data_Table - Step 01: Input to all fiels on table column
2020-10-15 13:40:00,419 INFO  com.liveguru.users.Level_12_Apply_Log_Report_HTML - Data_Table - Step 02: Click button search data
2020-10-15 13:40:00,671 INFO  com.liveguru.users.Level_12_Apply_Log_Report_HTML - Data_Table - Step 03: Verify data after search
2020-10-15 13:44:07,524 INFO  com.liveguru.users.Level_12_Apply_Log_Report_HTML - Data_Table - Step 01: Input to all fiels on table column
2020-10-15 13:44:07,834 INFO  com.liveguru.users.Level_12_Apply_Log_Report_HTML - Data_Table - Step 02: Click button search data
2020-10-15 13:44:08,078 INFO  com.liveguru.users.Level_12_Apply_Log_Report_HTML - Data_Table - Step 03: Verify data after search
2020-10-15 14:59:57,842 INFO  com.liveguru.users.Level_12_Apply_Log_Report_HTML - Data_Table - Step 01: Input to all fiels on table column
2020-10-15 14:59:58,135 INFO  com.liveguru.users.Level_12_Apply_Log_Report_HTML - Data_Table - Step 02: Click button search data
2020-10-15 14:59:58,390 INFO  com.liveguru.users.Level_12_Apply_Log_Report_HTML - Data_Table - Step 03: Verify data after search
2020-10-15 15:03:27,864 INFO  com.liveguru.users.Level_12_Apply_Log_Report_HTML - Data_Table - Step 01: Input to all fiels on table column
2020-10-15 15:03:28,151 INFO  com.liveguru.users.Level_12_Apply_Log_Report_HTML - Data_Table - Step 02: Click button search data
2020-10-15 15:03:28,394 INFO  com.liveguru.users.Level_12_Apply_Log_Report_HTML - Data_Table - Step 03: Verify data after search
2020-10-15 15:19:01,941 INFO  com.liveguru.users.Level_12_Apply_Log_Report_HTML - Data_Table - Step 01: Input to all fiels on table column
2020-10-15 15:19:02,210 INFO  com.liveguru.users.Level_12_Apply_Log_Report_HTML - Data_Table - Step 02: Click button search data
2020-10-15 15:19:02,447 INFO  com.liveguru.users.Level_12_Apply_Log_Report_HTML - Data_Table - Step 03: Verify data after search
2020-10-15 15:23:05,953 INFO  com.liveguru.users.Level_12_Apply_Log_Report_HTML - Data_Table - Step 01: Input to all fiels on table column
2020-10-15 15:23:06,349 INFO  com.liveguru.users.Level_12_Apply_Log_Report_HTML - Data_Table - Step 02: Click button search data
2020-10-15 15:23:06,589 INFO  com.liveguru.users.Level_12_Apply_Log_Report_HTML - Data_Table - Step 03: Verify data after search
2020-10-15 15:23:06,980 INFO  com.liveguru.users.Level_12_Apply_Log_Report_HTML -  -------------------------- FAILED -------------------------- 
2020-10-15 15:25:26,948 INFO  com.liveguru.users.Level_12_Apply_Log_Report_HTML - Data_Table - Step 01: Input to all fiels on table column
2020-10-15 15:25:27,234 INFO  com.liveguru.users.Level_12_Apply_Log_Report_HTML - Data_Table - Step 02: Click button search data
2020-10-15 15:25:27,477 INFO  com.liveguru.users.Level_12_Apply_Log_Report_HTML - Data_Table - Step 03: Verify data after search
2020-10-15 15:25:27,838 INFO  com.liveguru.users.Level_12_Apply_Log_Report_HTML -  -------------------------- FAILED -------------------------- 
2020-10-15 15:37:51,832 INFO  com.liveguru.users.Level_12_Apply_Log_Report_HTML - Data_Table - Step 01: Input to all fiels on table column
2020-10-15 15:37:52,109 INFO  com.liveguru.users.Level_12_Apply_Log_Report_HTML - Data_Table - Step 02: Click button search data
2020-10-15 15:37:52,352 INFO  com.liveguru.users.Level_12_Apply_Log_Report_HTML - Data_Table - Step 03: Verify data after search
2020-10-15 15:37:52,738 INFO  com.liveguru.users.Level_12_Apply_Log_Report_HTML -  -------------------------- FAILED -------------------------- 
2020-10-15 15:51:01,908 INFO  com.liveguru.users.Level_12_Apply_Log_Report_HTML - Data_Table - Step 01: Input to all fiels on table column
2020-10-15 15:51:02,220 INFO  com.liveguru.users.Level_12_Apply_Log_Report_HTML - Data_Table - Step 02: Click button search data
2020-10-15 15:51:02,461 INFO  com.liveguru.users.Level_12_Apply_Log_Report_HTML - Data_Table - Step 03: Verify data after search
2020-10-15 15:51:02,847 INFO  com.liveguru.users.Level_12_Apply_Log_Report_HTML -  -------------------------- FAILED -------------------------- 
2020-10-15 15:51:20,890 INFO  com.liveguru.users.Level_12_Apply_Log_Report_HTML - Data_Table - Step 01: Input to all fiels on table column
2020-10-15 15:51:21,196 INFO  com.liveguru.users.Level_12_Apply_Log_Report_HTML - Data_Table - Step 02: Click button search data
2020-10-15 15:51:21,449 INFO  com.liveguru.users.Level_12_Apply_Log_Report_HTML - Data_Table - Step 03: Verify data after search
2020-10-15 15:51:21,819 INFO  com.liveguru.users.Level_12_Apply_Log_Report_HTML -  -------------------------- FAILED -------------------------- 
2020-10-19 18:02:46,853 INFO  com.liveguru.users.Level_13_Share_Class_state - Register - Step 01: Open home page
2020-10-19 18:02:46,857 INFO  com.liveguru.users.Level_13_Share_Class_state - Register - Step 02: Click Accont Header
2020-10-19 18:02:47,006 INFO  com.liveguru.users.Level_13_Share_Class_state - Register - Step 03: Click register Header
2020-10-19 18:02:49,421 INFO  com.liveguru.users.Level_13_Share_Class_state - Register - Step 04: Input all field request to register
2020-10-19 18:02:52,963 INFO  com.liveguru.users.Level_13_Share_Class_state - Register - Step 05: Click button register
2020-10-19 18:02:55,752 INFO  com.liveguru.users.Level_13_Share_Class_state - MyDashBoard - Step 01: Click Address Book button
2020-10-19 18:02:58,663 INFO  com.liveguru.users.Level_13_Share_Class_state - MyDashBoard - Step 02: Click My Orders button
2020-10-19 18:03:01,050 INFO  com.liveguru.users.Level_13_Share_Class_state - MyDashBoard - Step 03: Click My Wishlist button
2020-10-19 18:03:03,462 INFO  com.liveguru.users.Level_13_Share_Class_state - MyDashBoard - Step 04: Click My Applications button
2020-10-19 18:04:54,502 INFO  com.liveguru.users.Level_13_Share_Class_state - Register - Step 01: Open home page
2020-10-19 18:04:54,503 INFO  com.liveguru.users.Level_13_Share_Class_state - Register - Step 02: Click Accont Header
2020-10-19 18:04:54,621 INFO  com.liveguru.users.Level_13_Share_Class_state - Register - Step 03: Click register Header
2020-10-19 18:04:57,041 INFO  com.liveguru.users.Level_13_Share_Class_state - Register - Step 04: Input all field request to register
2020-10-19 18:05:00,637 INFO  com.liveguru.users.Level_13_Share_Class_state - Register - Step 05: Click button register
2020-10-19 18:05:03,433 INFO  com.liveguru.users.Level_13_Share_Class_state - MyDashBoard - Step 01: Click Address Book button
2020-10-19 18:05:06,363 INFO  com.liveguru.users.Level_13_Share_Class_state - MyDashBoard - Step 02: Click My Orders button
2020-10-19 18:05:08,742 INFO  com.liveguru.users.Level_13_Share_Class_state - MyDashBoard - Step 03: Click My Wishlist button
2020-10-19 18:05:11,152 INFO  com.liveguru.users.Level_13_Share_Class_state - MyDashBoard - Step 04: Click My Applications button
2020-10-20 11:43:49,281 INFO  com.liveguru.users.Level_13_Browser_Driver_Factory_Pattern - Register - Step 01: Open home page
2020-10-20 11:43:49,284 INFO  com.liveguru.users.Level_13_Browser_Driver_Factory_Pattern - Register - Step 02: Click Accont Header
2020-10-20 11:43:49,427 INFO  com.liveguru.users.Level_13_Browser_Driver_Factory_Pattern - Register - Step 03: Click register Header
2020-10-20 11:43:51,846 INFO  com.liveguru.users.Level_13_Browser_Driver_Factory_Pattern - Register - Step 04: Input all field request to register
2020-10-20 11:43:55,503 INFO  com.liveguru.users.Level_13_Browser_Driver_Factory_Pattern - Register - Step 05: Click button register
2020-10-20 11:43:58,654 INFO  com.liveguru.users.Level_13_Browser_Driver_Factory_Pattern - MyDashBoard - Step 01: Click Address Book button
2020-10-20 11:44:01,455 INFO  com.liveguru.users.Level_13_Browser_Driver_Factory_Pattern - MyDashBoard - Step 02: Click My Orders button
2020-10-20 11:44:04,132 INFO  com.liveguru.users.Level_13_Browser_Driver_Factory_Pattern - MyDashBoard - Step 03: Click My Wishlist button
2020-10-20 11:44:06,593 INFO  com.liveguru.users.Level_13_Browser_Driver_Factory_Pattern - MyDashBoard - Step 04: Click My Applications button
2020-10-20 11:47:09,802 INFO  com.liveguru.users.Level_13_Browser_Driver_Factory_Pattern - Register - Step 01: Open home page
2020-10-20 11:47:09,804 INFO  com.liveguru.users.Level_13_Browser_Driver_Factory_Pattern - Register - Step 02: Click Accont Header
2020-10-20 11:47:09,935 INFO  com.liveguru.users.Level_13_Browser_Driver_Factory_Pattern - Register - Step 03: Click register Header
2020-10-20 11:47:12,330 INFO  com.liveguru.users.Level_13_Browser_Driver_Factory_Pattern - Register - Step 04: Input all field request to register
2020-10-20 11:47:15,867 INFO  com.liveguru.users.Level_13_Browser_Driver_Factory_Pattern - Register - Step 05: Click button register
2020-10-20 11:47:18,893 INFO  com.liveguru.users.Level_13_Browser_Driver_Factory_Pattern - MyDashBoard - Step 01: Click Address Book button
2020-10-20 11:47:21,864 INFO  com.liveguru.users.Level_13_Browser_Driver_Factory_Pattern - MyDashBoard - Step 02: Click My Orders button
2020-10-20 11:47:24,475 INFO  com.liveguru.users.Level_13_Browser_Driver_Factory_Pattern - MyDashBoard - Step 03: Click My Wishlist button
2020-10-20 11:47:26,890 INFO  com.liveguru.users.Level_13_Browser_Driver_Factory_Pattern - MyDashBoard - Step 04: Click My Applications button
2020-10-20 11:49:58,477 INFO  com.liveguru.users.Level_13_Browser_Driver_Factory_Pattern - Register - Step 01: Open home page
2020-10-20 11:49:58,480 INFO  com.liveguru.users.Level_13_Browser_Driver_Factory_Pattern - Register - Step 02: Click Accont Header
2020-10-20 11:49:58,805 INFO  com.liveguru.users.Level_13_Browser_Driver_Factory_Pattern - Register - Step 03: Click register Header
2020-10-20 11:49:59,767 INFO  com.liveguru.users.Level_13_Browser_Driver_Factory_Pattern - Register - Step 01: Open home page
2020-10-20 11:49:59,767 INFO  com.liveguru.users.Level_13_Browser_Driver_Factory_Pattern - Register - Step 02: Click Accont Header
2020-10-20 11:49:59,848 INFO  com.liveguru.users.Level_13_Browser_Driver_Factory_Pattern - Register - Step 03: Click register Header
2020-10-20 11:50:02,301 INFO  com.liveguru.users.Level_13_Browser_Driver_Factory_Pattern - Register - Step 04: Input all field request to register
2020-10-20 11:50:03,495 INFO  com.liveguru.users.Level_13_Browser_Driver_Factory_Pattern - Register - Step 04: Input all field request to register
2020-10-20 11:50:03,767 INFO  com.liveguru.users.Level_13_Browser_Driver_Factory_Pattern - Register - Step 05: Click button register
2020-10-20 11:50:06,062 INFO  com.liveguru.users.Level_13_Browser_Driver_Factory_Pattern - Register - Step 05: Click button register
2020-10-20 11:50:08,826 INFO  com.liveguru.users.Level_13_Browser_Driver_Factory_Pattern - MyDashBoard - Step 01: Click Address Book button
2020-10-20 11:50:09,064 INFO  com.liveguru.users.Level_13_Browser_Driver_Factory_Pattern - MyDashBoard - Step 01: Click Address Book button
2020-10-20 11:50:11,839 INFO  com.liveguru.users.Level_13_Browser_Driver_Factory_Pattern - MyDashBoard - Step 02: Click My Orders button
2020-10-20 11:50:14,263 INFO  com.liveguru.users.Level_13_Browser_Driver_Factory_Pattern - MyDashBoard - Step 02: Click My Orders button
2020-10-20 11:50:14,486 INFO  com.liveguru.users.Level_13_Browser_Driver_Factory_Pattern - MyDashBoard - Step 03: Click My Wishlist button
2020-10-20 11:50:16,923 INFO  com.liveguru.users.Level_13_Browser_Driver_Factory_Pattern - MyDashBoard - Step 04: Click My Applications button
2020-10-20 11:50:18,951 INFO  com.liveguru.users.Level_13_Browser_Driver_Factory_Pattern - MyDashBoard - Step 03: Click My Wishlist button
2020-10-20 11:50:23,886 INFO  com.liveguru.users.Level_13_Browser_Driver_Factory_Pattern - MyDashBoard - Step 04: Click My Applications button
2020-10-20 14:07:07,319 INFO  com.liveguru.users.Level_13_Browser_Driver_Factory_Pattern_Parallel_ThreadLocal - Register - Step 01: Open home page
2020-10-20 14:07:07,322 INFO  com.liveguru.users.Level_13_Browser_Driver_Factory_Pattern_Parallel_ThreadLocal - Register - Step 02: Click Accont Header
2020-10-20 14:07:07,611 INFO  com.liveguru.users.Level_13_Browser_Driver_Factory_Pattern_Parallel_ThreadLocal - Register - Step 03: Click register Header
2020-10-20 14:07:08,217 INFO  com.liveguru.users.Level_13_Browser_Driver_Factory_Pattern_Parallel_ThreadLocal - Register - Step 01: Open home page
2020-10-20 14:07:08,218 INFO  com.liveguru.users.Level_13_Browser_Driver_Factory_Pattern_Parallel_ThreadLocal - Register - Step 02: Click Accont Header
2020-10-20 14:07:08,307 INFO  com.liveguru.users.Level_13_Browser_Driver_Factory_Pattern_Parallel_ThreadLocal - Register - Step 03: Click register Header
2020-10-20 14:07:10,999 INFO  com.liveguru.users.Level_13_Browser_Driver_Factory_Pattern_Parallel_ThreadLocal - Register - Step 04: Input all field request to register
2020-10-20 14:07:12,304 INFO  com.liveguru.users.Level_13_Browser_Driver_Factory_Pattern_Parallel_ThreadLocal - Register - Step 04: Input all field request to register
2020-10-20 14:07:12,586 INFO  com.liveguru.users.Level_13_Browser_Driver_Factory_Pattern_Parallel_ThreadLocal - Register - Step 05: Click button register
2020-10-20 14:07:14,642 INFO  com.liveguru.users.Level_13_Browser_Driver_Factory_Pattern_Parallel_ThreadLocal - Register - Step 05: Click button register
2020-10-20 14:07:17,659 INFO  com.liveguru.users.Level_13_Browser_Driver_Factory_Pattern_Parallel_ThreadLocal - MyDashBoard - Step 01: Click Address Book button
2020-10-20 14:07:17,951 INFO  com.liveguru.users.Level_13_Browser_Driver_Factory_Pattern_Parallel_ThreadLocal - MyDashBoard - Step 01: Click Address Book button
2020-10-20 14:07:20,530 INFO  com.liveguru.users.Level_13_Browser_Driver_Factory_Pattern_Parallel_ThreadLocal - MyDashBoard - Step 02: Click My Orders button
2020-10-20 14:07:23,164 INFO  com.liveguru.users.Level_13_Browser_Driver_Factory_Pattern_Parallel_ThreadLocal - MyDashBoard - Step 03: Click My Wishlist button
2020-10-20 14:07:23,167 INFO  com.liveguru.users.Level_13_Browser_Driver_Factory_Pattern_Parallel_ThreadLocal - MyDashBoard - Step 02: Click My Orders button
2020-10-20 14:07:25,602 INFO  com.liveguru.users.Level_13_Browser_Driver_Factory_Pattern_Parallel_ThreadLocal - MyDashBoard - Step 04: Click My Applications button
2020-10-20 14:07:27,858 INFO  com.liveguru.users.Level_13_Browser_Driver_Factory_Pattern_Parallel_ThreadLocal - MyDashBoard - Step 03: Click My Wishlist button
2020-10-20 14:07:33,561 INFO  com.liveguru.users.Level_13_Browser_Driver_Factory_Pattern_Parallel_ThreadLocal - MyDashBoard - Step 04: Click My Applications button
2020-10-20 14:30:54,605 INFO  com.liveguru.users.Level_13_Browser_Driver_Factory_Pattern_Parallel_ThreadLocal - Register - Step 01: Open home page
2020-10-20 14:30:54,607 INFO  com.liveguru.users.Level_13_Browser_Driver_Factory_Pattern_Parallel_ThreadLocal - Register - Step 02: Click Accont Header
2020-10-20 14:30:54,884 INFO  com.liveguru.users.Level_13_Browser_Driver_Factory_Pattern_Parallel_ThreadLocal - Register - Step 03: Click register Header
2020-10-20 14:30:56,844 INFO  com.liveguru.users.Level_13_Browser_Driver_Factory_Pattern_Parallel_ThreadLocal - Register - Step 01: Open home page
2020-10-20 14:30:56,844 INFO  com.liveguru.users.Level_13_Browser_Driver_Factory_Pattern_Parallel_ThreadLocal - Register - Step 02: Click Accont Header
2020-10-20 14:30:56,922 INFO  com.liveguru.users.Level_13_Browser_Driver_Factory_Pattern_Parallel_ThreadLocal - Register - Step 03: Click register Header
2020-10-20 14:30:59,402 INFO  com.liveguru.users.Level_13_Browser_Driver_Factory_Pattern_Parallel_ThreadLocal - Register - Step 04: Input all field request to register
2020-10-20 14:30:59,579 INFO  com.liveguru.users.Level_13_Browser_Driver_Factory_Pattern_Parallel_ThreadLocal - Register - Step 04: Input all field request to register
2020-10-20 14:30:59,876 INFO  com.liveguru.users.Level_13_Browser_Driver_Factory_Pattern_Parallel_ThreadLocal - Register - Step 05: Click button register
2020-10-20 14:31:03,031 INFO  com.liveguru.users.Level_13_Browser_Driver_Factory_Pattern_Parallel_ThreadLocal - Register - Step 05: Click button register
2020-10-20 14:31:05,186 INFO  com.liveguru.users.Level_13_Browser_Driver_Factory_Pattern_Parallel_ThreadLocal - MyDashBoard - Step 01: Click Address Book button
2020-10-20 14:31:06,066 INFO  com.liveguru.users.Level_13_Browser_Driver_Factory_Pattern_Parallel_ThreadLocal - MyDashBoard - Step 01: Click Address Book button
2020-10-20 14:31:08,920 INFO  com.liveguru.users.Level_13_Browser_Driver_Factory_Pattern_Parallel_ThreadLocal - MyDashBoard - Step 02: Click My Orders button
2020-10-20 14:31:10,437 INFO  com.liveguru.users.Level_13_Browser_Driver_Factory_Pattern_Parallel_ThreadLocal - MyDashBoard - Step 02: Click My Orders button
2020-10-20 14:31:11,586 INFO  com.liveguru.users.Level_13_Browser_Driver_Factory_Pattern_Parallel_ThreadLocal - MyDashBoard - Step 03: Click My Wishlist button
2020-10-20 14:31:14,018 INFO  com.liveguru.users.Level_13_Browser_Driver_Factory_Pattern_Parallel_ThreadLocal - MyDashBoard - Step 04: Click My Applications button
2020-10-20 14:31:15,142 INFO  com.liveguru.users.Level_13_Browser_Driver_Factory_Pattern_Parallel_ThreadLocal - MyDashBoard - Step 03: Click My Wishlist button
2020-10-20 14:31:20,078 INFO  com.liveguru.users.Level_13_Browser_Driver_Factory_Pattern_Parallel_ThreadLocal - MyDashBoard - Step 04: Click My Applications button
2020-10-20 14:34:43,131 INFO  com.liveguru.users.Level_13_Browser_Driver_Factory_Pattern_Parallel_ThreadLocal - Register - Step 01: Open home page
2020-10-20 14:34:43,134 INFO  com.liveguru.users.Level_13_Browser_Driver_Factory_Pattern_Parallel_ThreadLocal - Register - Step 02: Click Accont Header
2020-10-20 14:34:43,420 INFO  com.liveguru.users.Level_13_Browser_Driver_Factory_Pattern_Parallel_ThreadLocal - Register - Step 03: Click register Header
2020-10-20 14:34:45,370 INFO  com.liveguru.users.Level_13_Browser_Driver_Factory_Pattern_Parallel_ThreadLocal - Register - Step 01: Open home page
2020-10-20 14:34:45,371 INFO  com.liveguru.users.Level_13_Browser_Driver_Factory_Pattern_Parallel_ThreadLocal - Register - Step 02: Click Accont Header
2020-10-20 14:34:45,446 INFO  com.liveguru.users.Level_13_Browser_Driver_Factory_Pattern_Parallel_ThreadLocal - Register - Step 03: Click register Header
2020-10-20 14:34:47,926 INFO  com.liveguru.users.Level_13_Browser_Driver_Factory_Pattern_Parallel_ThreadLocal - Register - Step 04: Input all field request to register
2020-10-20 14:34:48,125 INFO  com.liveguru.users.Level_13_Browser_Driver_Factory_Pattern_Parallel_ThreadLocal - Register - Step 04: Input all field request to register
2020-10-20 14:34:48,399 INFO  com.liveguru.users.Level_13_Browser_Driver_Factory_Pattern_Parallel_ThreadLocal - Register - Step 05: Click button register
2020-10-20 14:34:51,532 INFO  com.liveguru.users.Level_13_Browser_Driver_Factory_Pattern_Parallel_ThreadLocal - Register - Step 05: Click button register
2020-10-20 14:34:52,702 INFO  com.liveguru.users.Level_13_Browser_Driver_Factory_Pattern_Parallel_ThreadLocal - Register - Step 01: Open home page
2020-10-20 14:34:52,703 INFO  com.liveguru.users.Level_13_Browser_Driver_Factory_Pattern_Parallel_ThreadLocal - Register - Step 02: Click Accont Header
2020-10-20 14:34:53,359 INFO  com.liveguru.users.Level_13_Browser_Driver_Factory_Pattern_Parallel_ThreadLocal - Register - Step 03: Click register Header
2020-10-20 14:34:53,862 INFO  com.liveguru.users.Level_13_Browser_Driver_Factory_Pattern_Parallel_ThreadLocal - MyDashBoard - Step 01: Click Address Book button
2020-10-20 14:34:54,555 INFO  com.liveguru.users.Level_13_Browser_Driver_Factory_Pattern_Parallel_ThreadLocal - MyDashBoard - Step 01: Click Address Book button
2020-10-20 14:34:56,946 INFO  com.liveguru.users.Level_13_Browser_Driver_Factory_Pattern_Parallel_ThreadLocal - Register - Step 04: Input all field request to register
2020-10-20 14:34:57,383 INFO  com.liveguru.users.Level_13_Browser_Driver_Factory_Pattern_Parallel_ThreadLocal - MyDashBoard - Step 02: Click My Orders button
2020-10-20 14:34:59,087 INFO  com.liveguru.users.Level_13_Browser_Driver_Factory_Pattern_Parallel_ThreadLocal - MyDashBoard - Step 02: Click My Orders button
2020-10-20 14:34:59,998 INFO  com.liveguru.users.Level_13_Browser_Driver_Factory_Pattern_Parallel_ThreadLocal - MyDashBoard - Step 03: Click My Wishlist button
2020-10-20 14:35:00,569 INFO  com.liveguru.users.Level_13_Browser_Driver_Factory_Pattern_Parallel_ThreadLocal - Register - Step 05: Click button register
2020-10-20 14:35:02,423 INFO  com.liveguru.users.Level_13_Browser_Driver_Factory_Pattern_Parallel_ThreadLocal - MyDashBoard - Step 04: Click My Applications button
2020-10-20 14:35:03,786 INFO  com.liveguru.users.Level_13_Browser_Driver_Factory_Pattern_Parallel_ThreadLocal - MyDashBoard - Step 03: Click My Wishlist button
2020-10-20 14:35:04,131 INFO  com.liveguru.users.Level_13_Browser_Driver_Factory_Pattern_Parallel_ThreadLocal - MyDashBoard - Step 01: Click Address Book button
2020-10-20 14:35:07,364 INFO  com.liveguru.users.Level_13_Browser_Driver_Factory_Pattern_Parallel_ThreadLocal - MyDashBoard - Step 02: Click My Orders button
2020-10-20 14:35:08,739 INFO  com.liveguru.users.Level_13_Browser_Driver_Factory_Pattern_Parallel_ThreadLocal - MyDashBoard - Step 04: Click My Applications button
2020-10-20 14:35:10,273 INFO  com.liveguru.users.Level_13_Browser_Driver_Factory_Pattern_Parallel_ThreadLocal - MyDashBoard - Step 03: Click My Wishlist button
2020-10-20 14:35:13,269 INFO  com.liveguru.users.Level_13_Browser_Driver_Factory_Pattern_Parallel_ThreadLocal - MyDashBoard - Step 04: Click My Applications button
2020-10-20 14:57:44,594 INFO  com.liveguru.users.Level_13_Browser_Driver_Factory_Pattern_Parallel_ThreadLocal - Register - Step 01: Open home page
2020-10-20 14:57:44,596 INFO  com.liveguru.users.Level_13_Browser_Driver_Factory_Pattern_Parallel_ThreadLocal - Register - Step 02: Click Accont Header
2020-10-20 14:57:44,701 INFO  com.liveguru.users.Level_13_Browser_Driver_Factory_Pattern_Parallel_ThreadLocal - Register - Step 03: Click register Header
2020-10-20 14:57:47,112 INFO  com.liveguru.users.Level_13_Browser_Driver_Factory_Pattern_Parallel_ThreadLocal - Register - Step 04: Input all field request to register
2020-10-20 14:57:48,034 INFO  com.liveguru.users.Level_13_Browser_Driver_Factory_Pattern_Parallel_ThreadLocal - Register - Step 01: Open home page
2020-10-20 14:57:48,034 INFO  com.liveguru.users.Level_13_Browser_Driver_Factory_Pattern_Parallel_ThreadLocal - Register - Step 02: Click Accont Header
2020-10-20 14:57:48,304 INFO  com.liveguru.users.Level_13_Browser_Driver_Factory_Pattern_Parallel_ThreadLocal - Register - Step 03: Click register Header
2020-10-20 14:57:50,751 INFO  com.liveguru.users.Level_13_Browser_Driver_Factory_Pattern_Parallel_ThreadLocal - Register - Step 05: Click button register
2020-10-20 14:57:53,004 INFO  com.liveguru.users.Level_13_Browser_Driver_Factory_Pattern_Parallel_ThreadLocal - Register - Step 04: Input all field request to register
2020-10-20 14:57:53,275 INFO  com.liveguru.users.Level_13_Browser_Driver_Factory_Pattern_Parallel_ThreadLocal - Register - Step 05: Click button register
2020-10-20 14:57:53,795 INFO  com.liveguru.users.Level_13_Browser_Driver_Factory_Pattern_Parallel_ThreadLocal - MyDashBoard - Step 01: Click Address Book button
2020-10-20 14:57:56,628 INFO  com.liveguru.users.Level_13_Browser_Driver_Factory_Pattern_Parallel_ThreadLocal - MyDashBoard - Step 02: Click My Orders button
2020-10-20 14:57:58,314 INFO  com.liveguru.users.Level_13_Browser_Driver_Factory_Pattern_Parallel_ThreadLocal - MyDashBoard - Step 01: Click Address Book button
2020-10-20 14:57:59,241 INFO  com.liveguru.users.Level_13_Browser_Driver_Factory_Pattern_Parallel_ThreadLocal - MyDashBoard - Step 03: Click My Wishlist button
2020-10-20 14:58:01,666 INFO  com.liveguru.users.Level_13_Browser_Driver_Factory_Pattern_Parallel_ThreadLocal - MyDashBoard - Step 04: Click My Applications button
2020-10-20 14:58:03,291 INFO  com.liveguru.users.Level_13_Browser_Driver_Factory_Pattern_Parallel_ThreadLocal - MyDashBoard - Step 02: Click My Orders button
2020-10-20 14:58:08,192 INFO  com.liveguru.users.Level_13_Browser_Driver_Factory_Pattern_Parallel_ThreadLocal - MyDashBoard - Step 03: Click My Wishlist button
2020-10-20 14:58:12,887 INFO  com.liveguru.users.Level_13_Browser_Driver_Factory_Pattern_Parallel_ThreadLocal - MyDashBoard - Step 04: Click My Applications button
